[2025-02-17 10:40:04,358: INFO: main: >>>>>> stage Data Ingestion Stage started <<<<<<]
[2025-02-17 10:40:04,361: INFO: common: yaml file: config/config.yaml loaded successfully]
[2025-02-17 10:40:04,361: INFO: common: yaml file: params.yaml loaded successfully]
[2025-02-17 10:40:04,361: INFO: common: yaml file: schema.yaml loaded successfully]
[2025-02-17 10:40:04,361: INFO: common: created directory at: artifacts]
[2025-02-17 10:40:04,361: INFO: common: created directory at: artifacts/data_ingestion]
[2025-02-17 10:40:04,450: INFO: data_ingestion: artifacts/data_ingestion/data.zip download! with following info: 
Connection: close
Content-Length: 23329
Cache-Control: max-age=300
Content-Security-Policy: default-src 'none'; style-src 'unsafe-inline'; sandbox
Content-Type: application/zip
ETag: "c69888a4ae59bc5a893392785a938ccd4937981c06ba8a9d6a21aa52b4ab5b6e"
Strict-Transport-Security: max-age=31536000
X-Content-Type-Options: nosniff
X-Frame-Options: deny
X-XSS-Protection: 1; mode=block
X-GitHub-Request-Id: 107F:313E1C:1D1804:2B8236:67B303D8
Accept-Ranges: bytes
Date: Mon, 17 Feb 2025 09:40:04 GMT
Via: 1.1 varnish
X-Served-By: cache-bma1661-BMA
X-Cache: HIT
X-Cache-Hits: 1
X-Timer: S1739785204.442342,VS0,VE1
Vary: Authorization,Accept-Encoding,Origin
Access-Control-Allow-Origin: *
Cross-Origin-Resource-Policy: cross-origin
X-Fastly-Request-ID: 5afd0d3370707b772fbd31eab6428d1eaccbb3b5
Expires: Mon, 17 Feb 2025 09:45:04 GMT
Source-Age: 28

]
[2025-02-17 10:40:04,452: INFO: main: >>>>>> stage Data Ingestion Stage completed <<<<<<

x==========x]
[2025-02-18 09:26:41,789: INFO: main: >>>>>> stage Data Ingestion Stage started <<<<<<]
[2025-02-18 09:26:41,790: INFO: common: yaml file: config/config.yaml loaded successfully]
[2025-02-18 09:26:41,791: INFO: common: yaml file: params.yaml loaded successfully]
[2025-02-18 09:26:41,791: INFO: common: yaml file: schema.yaml loaded successfully]
[2025-02-18 09:26:41,792: INFO: common: created directory at: artifacts]
[2025-02-18 09:26:41,792: INFO: common: created directory at: artifacts/data_ingestion]
[2025-02-18 09:26:41,792: INFO: data_ingestion: File already exists]
[2025-02-18 09:26:41,793: INFO: main: >>>>>> stage Data Ingestion Stage completed <<<<<<

x==========x]
[2025-02-18 09:26:41,793: INFO: main: >>>>>> stage Data Validation Stage started <<<<<<]
[2025-02-18 09:26:41,794: INFO: common: yaml file: config/config.yaml loaded successfully]
[2025-02-18 09:26:41,794: INFO: common: yaml file: params.yaml loaded successfully]
[2025-02-18 09:26:41,795: INFO: common: yaml file: schema.yaml loaded successfully]
[2025-02-18 09:26:41,795: INFO: common: created directory at: artifacts]
[2025-02-18 09:26:41,795: INFO: common: created directory at: artifacts/data_validation]
[2025-02-18 09:26:41,802: INFO: main: >>>>>> stage Data Validation Stage completed <<<<<<

x==========x]
